Arguments: 
  /usr/local/bin/node /usr/local/bin/yarn run test:allure

PATH: 
  /usr/local/opt/node@10/bin:/usr/local/opt/node@10/bin:/usr/local/opt/node@10/bin:/usr/local/bin:/usr/bin:/bin:/usr/sbin:/sbin:/Library/Apple/usr/bin:/usr/local/opt/node@10/bin

Yarn version: 
  1.22.10

Node version: 
  12.20.0

Platform: 
  darwin x64

Trace: 
  SyntaxError: /Users/kailashpathak/Documents/allure_report/package.json: Unexpected token i in JSON at position 868
      at JSON.parse (<anonymous>)
      at /usr/local/lib/node_modules/yarn/lib/cli.js:1625:59
      at Generator.next (<anonymous>)
      at step (/usr/local/lib/node_modules/yarn/lib/cli.js:310:30)
      at /usr/local/lib/node_modules/yarn/lib/cli.js:321:13

npm manifest: 
  {
    "name": "allure_report",
    "version": "1.0.0",
    "description": "",
    "main": "index.js",
    "scripts": {
      "clean:reports": "if exist allure-results rmdir /q /s allure-results && if exist allure-report rmdir /q /s allure-report && if exist cypress/screenshots rmdir /q /s cypress/screenshots && if exist cypress/videos rmdir /q /s cypress/videos",
      "cy:run": "yarn cypress run --spec '**/*.spec.js' --reporter mocha-allure-reporter  ",
      "report:allure": "yarn run allure generate allure-results --clean -o allure-report && allure open  allure-report",
      "test:allure": "npm run clean:reports && npm run cy:run && npm run report:allure"
    },
    "author": "",
    "license": "ISC",
    "devDependencies": {
      "@shelex/cypress-allure-plugin": "^2.26.5",
      "allure-commandline": "^2.17.2",
      "cypress": "^9.5.1",
      "mocha-allure-reporter": "^1.4.0"
    }
  }
  if exist allure-results rmdir /q /s allure-results && if exist allure-report rmdir /q /s allure-report && if exist cypress\\screenshots rmdir /q /s cypress\\screenshots && if exist cypress\\videos rmdir /q /s cypress\\videos
  if exist allure-results rmdir /q /s allure-results && if exist allure-report rmdir /q /s allure-report && if exist cypress\screenshots rmdir /q /s cypress\screenshots && if exist cypress\videos rmdir /q /s cypress\videos

yarn manifest: 
  No manifest

Lockfile: 
  No lockfile
